<?xml version="1.0" encoding="UTF-8"?>
<!-- Generated by org.testng.reporters.JUnitReportReporter -->
<testsuite skipped="0" hostname="LAPTOP-4P252GTC" name="tests.HotelFilterationTest" tests="2" failures="0" timestamp="2021-03-08T01:22:11 EET" time="19.785" errors="0">
  <testcase name="hotelFilteration" time="6.481" classname="tests.HotelFilterationTest"/>
  <system-out/>
  <testcase name="Search" time="13.304" classname="tests.HotelFilterationTest"/>
  <system-out/>
</testsuite> <!-- tests.HotelFilterationTest -->
