<?xml version="1.0" encoding="UTF-8"?>
<!-- Generated by org.testng.reporters.JUnitReportReporter -->
<testsuite skipped="0" hostname="LAPTOP-4P252GTC" name="tests.DashboardTest" tests="1" failures="0" timestamp="2021-03-05T04:16:06 EET" time="7.186" errors="0">
  <testcase name="Search" time="7.186" classname="tests.DashboardTest"/>
  <system-out/>
</testsuite> <!-- tests.DashboardTest -->
